mode: set
github.com/pix303/cinecity/pkg/subscriber/subscriber.go:13.50,17.2 1 1
github.com/pix303/cinecity/pkg/subscriber/subscriber.go:19.84,21.2 1 1
github.com/pix303/cinecity/pkg/subscriber/subscriber.go:23.87,24.38 1 1
github.com/pix303/cinecity/pkg/subscriber/subscriber.go:24.38,25.35 1 1
github.com/pix303/cinecity/pkg/subscriber/subscriber.go:25.35,27.4 1 1
github.com/pix303/cinecity/pkg/subscriber/subscriber.go:31.55,33.2 1 1
github.com/pix303/cinecity/pkg/subscriber/subscriber.go:35.71,36.40 1 1
github.com/pix303/cinecity/pkg/subscriber/subscriber.go:36.40,40.17 4 1
github.com/pix303/cinecity/pkg/subscriber/subscriber.go:40.17,42.4 1 1
github.com/pix303/cinecity/pkg/batch/batch.go:22.86,32.2 3 1
github.com/pix303/cinecity/pkg/batch/batch.go:34.48,36.32 2 1
github.com/pix303/cinecity/pkg/batch/batch.go:36.32,39.3 2 1
github.com/pix303/cinecity/pkg/batch/batch.go:40.2,44.58 4 1
github.com/pix303/cinecity/pkg/batch/batch.go:44.58,47.3 2 1
github.com/pix303/cinecity/pkg/batch/batch.go:50.35,52.39 2 1
github.com/pix303/cinecity/pkg/batch/batch.go:52.39,54.3 1 1
github.com/pix303/cinecity/pkg/batch/batch.go:55.2,56.32 2 1
github.com/pix303/cinecity/pkg/batch/batch.go:59.32,62.2 2 1
github.com/pix303/cinecity/pkg/actor/actor.go:23.28,24.18 1 1
github.com/pix303/cinecity/pkg/actor/actor.go:24.18,28.15 4 1
github.com/pix303/cinecity/pkg/actor/actor.go:28.15,30.4 1 1
github.com/pix303/cinecity/pkg/actor/actor.go:34.58,35.6 1 1
github.com/pix303/cinecity/pkg/actor/actor.go:35.6,38.3 2 1
github.com/pix303/cinecity/pkg/actor/actor.go:41.39,43.2 1 1
github.com/pix303/cinecity/pkg/actor/actor.go:45.33,47.2 1 1
github.com/pix303/cinecity/pkg/actor/actor.go:49.30,50.19 1 1
github.com/pix303/cinecity/pkg/actor/actor.go:50.19,53.3 2 1
github.com/pix303/cinecity/pkg/actor/actor.go:56.42,57.16 1 1
github.com/pix303/cinecity/pkg/actor/actor.go:57.16,59.3 1 1
github.com/pix303/cinecity/pkg/actor/actor.go:60.2,61.12 2 1
github.com/pix303/cinecity/pkg/actor/actor.go:64.68,71.16 5 1
github.com/pix303/cinecity/pkg/actor/actor.go:71.16,73.3 1 1
github.com/pix303/cinecity/pkg/actor/actor.go:75.2,75.9 1 1
github.com/pix303/cinecity/pkg/actor/actor.go:76.33,77.43 1 1
github.com/pix303/cinecity/pkg/actor/actor.go:78.20,79.48 1 1
github.com/pix303/cinecity/pkg/actor/actor.go:83.24,85.15 2 1
github.com/pix303/cinecity/pkg/actor/actor.go:85.15,87.3 1 1
github.com/pix303/cinecity/pkg/actor/actor.go:88.2,92.20 5 1
github.com/pix303/cinecity/pkg/actor/actor.go:95.32,97.15 2 1
github.com/pix303/cinecity/pkg/actor/actor.go:97.15,99.3 1 1
github.com/pix303/cinecity/pkg/actor/actor.go:100.2,100.12 1 0
github.com/pix303/cinecity/pkg/actor/actor.go:103.33,105.2 1 1
github.com/pix303/cinecity/pkg/actor/address.go:12.43,17.2 1 1
github.com/pix303/cinecity/pkg/actor/address.go:19.53,21.2 1 1
github.com/pix303/cinecity/pkg/actor/address.go:23.38,24.17 1 1
github.com/pix303/cinecity/pkg/actor/address.go:24.17,26.3 1 1
github.com/pix303/cinecity/pkg/actor/address.go:27.2,27.49 1 1
github.com/pix303/cinecity/pkg/actor/message.go:16.63,25.2 1 1
github.com/pix303/cinecity/pkg/actor/message.go:27.75,37.2 2 1
github.com/pix303/cinecity/pkg/actor/message.go:39.43,41.2 1 1
github.com/pix303/cinecity/pkg/actor/message.go:48.93,55.2 2 1
github.com/pix303/cinecity/pkg/actor/message.go:59.93,65.2 1 1
github.com/pix303/cinecity/pkg/actor/message.go:69.97,75.2 1 1
github.com/pix303/cinecity/pkg/actor/message.go:77.61,82.2 1 1
github.com/pix303/cinecity/pkg/actor/message.go:84.38,86.2 1 1
github.com/pix303/cinecity/pkg/actor/postman.go:29.28,30.22 1 1
github.com/pix303/cinecity/pkg/actor/postman.go:30.22,35.13 4 1
github.com/pix303/cinecity/pkg/actor/postman.go:35.13,36.8 1 1
github.com/pix303/cinecity/pkg/actor/postman.go:36.8,38.14 2 1
github.com/pix303/cinecity/pkg/actor/postman.go:39.42,40.19 1 0
github.com/pix303/cinecity/pkg/actor/postman.go:45.3,49.4 1 1
github.com/pix303/cinecity/pkg/actor/postman.go:51.2,51.18 1 1
github.com/pix303/cinecity/pkg/actor/postman.go:54.54,56.2 1 1
github.com/pix303/cinecity/pkg/actor/postman.go:58.80,59.62 1 1
github.com/pix303/cinecity/pkg/actor/postman.go:59.62,61.3 1 1
github.com/pix303/cinecity/pkg/actor/postman.go:63.2,71.60 3 1
github.com/pix303/cinecity/pkg/actor/postman.go:71.60,74.3 2 1
github.com/pix303/cinecity/pkg/actor/postman.go:76.2,79.16 4 1
github.com/pix303/cinecity/pkg/actor/postman.go:82.40,85.2 2 1
github.com/pix303/cinecity/pkg/actor/postman.go:87.37,91.18 3 1
github.com/pix303/cinecity/pkg/actor/postman.go:91.18,94.3 2 1
github.com/pix303/cinecity/pkg/actor/postman.go:96.2,98.16 3 1
github.com/pix303/cinecity/pkg/actor/postman.go:98.16,101.3 2 0
github.com/pix303/cinecity/pkg/actor/postman.go:102.2,102.12 1 1
github.com/pix303/cinecity/pkg/actor/postman.go:105.61,108.18 3 1
github.com/pix303/cinecity/pkg/actor/postman.go:108.18,111.3 2 1
github.com/pix303/cinecity/pkg/actor/postman.go:113.2,114.16 2 1
github.com/pix303/cinecity/pkg/actor/postman.go:114.16,122.3 2 1
github.com/pix303/cinecity/pkg/actor/postman.go:124.2,124.40 1 1
github.com/pix303/cinecity/pkg/actor/postman.go:124.40,126.3 1 1
github.com/pix303/cinecity/pkg/actor/postman.go:128.2,128.52 1 0
github.com/pix303/cinecity/pkg/actor/postman.go:131.36,133.29 2 1
github.com/pix303/cinecity/pkg/actor/postman.go:133.29,135.17 2 1
github.com/pix303/cinecity/pkg/actor/postman.go:135.17,137.4 1 0
github.com/pix303/cinecity/pkg/actor/postman.go:141.20,143.29 2 1
github.com/pix303/cinecity/pkg/actor/postman.go:143.29,145.3 1 1
github.com/pix303/cinecity/pkg/actor/postman.go:146.2,147.16 2 1
github.com/pix303/cinecity/pkg/actor/postman.go:150.22,153.2 2 1
